2022-04-01 21:50:23.327  INFO 7984 --- [main] o.n.nefurehouse.NefureHouseApplication   : Starting NefureHouseApplication using Java 11.0.14 on 织光的第十四兽 with PID 7984 (E:\Java\idea\ideaProjects\nefurehouse\target\classes started by 9528 in E:\Java\idea\ideaProjects\nefureHouse)
2022-04-01 21:50:23.342 DEBUG 7984 --- [main] o.n.nefurehouse.NefureHouseApplication   : Running with Spring Boot v2.5.4, Spring v5.3.9
2022-04-01 21:50:23.350  INFO 7984 --- [main] o.n.nefurehouse.NefureHouseApplication   : The following profiles are active: prod
2022-04-01 21:50:28.035  INFO 7984 --- [main] o.s.b.w.embedded.tomcat.TomcatWebServer  : Tomcat initialized with port(s): 8080 (http)
2022-04-01 21:50:28.082  INFO 7984 --- [main] o.a.coyote.http11.Http11NioProtocol      : Initializing ProtocolHandler ["http-nio-8080"]
2022-04-01 21:50:28.084  INFO 7984 --- [main] o.apache.catalina.core.StandardService   : Starting service [Tomcat]
2022-04-01 21:50:28.084  INFO 7984 --- [main] org.apache.catalina.core.StandardEngine  : Starting Servlet engine: [Apache Tomcat/9.0.52]
2022-04-01 21:50:28.450  INFO 7984 --- [main] o.a.c.c.C.[Tomcat].[localhost].[/]       : Initializing Spring embedded WebApplicationContext
2022-04-01 21:50:28.451  INFO 7984 --- [main] w.s.c.ServletWebServerApplicationContext : Root WebApplicationContext: initialization completed in 4991 ms
2022-04-01 21:50:28.632 DEBUG 7984 --- [main] o.n.n.filter.CrossOriginFilter           : Filter 'crossOriginFilter' configured for use
2022-04-01 21:50:30.157  INFO 7984 --- [main] com.zaxxer.hikari.HikariDataSource       : HikariPool-1 - Starting...
2022-04-01 21:50:30.179  WARN 7984 --- [main] com.zaxxer.hikari.util.DriverDataSource  : Registered driver with driverClassName=com.mysql.jdbc.Driver was not found, trying direct instantiation.
2022-04-01 21:50:30.932  INFO 7984 --- [main] com.zaxxer.hikari.HikariDataSource       : HikariPool-1 - Start completed.
2022-04-01 21:50:30.989 DEBUG 7984 --- [main] o.n.n.mapper.DriverConfigMapper.findAll  : ==>  Preparing: select * from driver_config order by ? asc
2022-04-01 21:50:31.090 DEBUG 7984 --- [main] o.n.n.mapper.DriverConfigMapper.findAll  : ==> Parameters: order_num(String)
2022-04-01 21:50:31.200 DEBUG 7984 --- [main] o.n.n.mapper.DriverConfigMapper.findAll  : <==      Total: 2
2022-04-01 21:50:31.224 DEBUG 7984 --- [main] o.n.n.m.DriverConfigMapper.findById      : ==>  Preparing: select * from driver_config where id = ?
2022-04-01 21:50:31.225 DEBUG 7984 --- [main] o.n.n.m.DriverConfigMapper.findById      : ==> Parameters: 1(Integer)
2022-04-01 21:50:31.233 DEBUG 7984 --- [main] o.n.n.m.DriverConfigMapper.findById      : <==      Total: 1
2022-04-01 21:50:31.506 DEBUG 7984 --- [main] o.n.nefurehouse.context.DriveContext     : 尝试初始化驱动器, driveId: 1
2022-04-01 21:50:31.507 DEBUG 7984 --- [main] o.n.n.m.S.findByDriveId                  : ==>  Preparing: select * from storage_config where drive_id=?
2022-04-01 21:50:31.508 DEBUG 7984 --- [main] o.n.n.m.S.findByDriveId                  : ==> Parameters: 1(Integer)
2022-04-01 21:50:31.510 DEBUG 7984 --- [main] o.n.n.m.S.findByDriveId                  : <==      Total: 1
2022-04-01 21:50:31.609 DEBUG 7984 --- [main] o.n.n.mapper.SystemConfigMapper.findAll  : ==>  Preparing: select * from system_config
2022-04-01 21:50:31.609 DEBUG 7984 --- [main] o.n.n.mapper.SystemConfigMapper.findAll  : ==> Parameters: 
2022-04-01 21:50:31.639 DEBUG 7984 --- [main] o.n.n.mapper.SystemConfigMapper.findAll  : <==      Total: 16
2022-04-01 21:50:31.789 DEBUG 7984 --- [main] o.n.nefurehouse.context.DriveContext     : 初始化驱动器成功, driveId: 1
2022-04-01 21:50:32.030  INFO 7984 --- [main] o.n.nefurehouse.context.DriveContext     : 启动时初始化驱动器成功, 驱动器信息: {"autoRefreshCache":false,"defaultSwitchToImgMode":false,"enable":true,"enableCache":true,"id":1,"name":"2022","orderNum":0,"searchContainEncryptedFile":false,"searchEnable":false,"searchIgnoreCase":false,"type":"LOCAL"}
2022-04-01 21:50:32.031 DEBUG 7984 --- [main] o.n.n.m.DriverConfigMapper.findById      : ==>  Preparing: select * from driver_config where id = ?
2022-04-01 21:50:32.032 DEBUG 7984 --- [main] o.n.n.m.DriverConfigMapper.findById      : ==> Parameters: 2(Integer)
2022-04-01 21:50:32.034 DEBUG 7984 --- [main] o.n.n.m.DriverConfigMapper.findById      : <==      Total: 1
2022-04-01 21:50:32.038 DEBUG 7984 --- [main] o.n.nefurehouse.context.DriveContext     : 尝试初始化驱动器, driveId: 2
2022-04-01 21:50:32.042 DEBUG 7984 --- [main] o.n.n.m.S.findByDriveId                  : ==>  Preparing: select * from storage_config where drive_id=?
2022-04-01 21:50:32.042 DEBUG 7984 --- [main] o.n.n.m.S.findByDriveId                  : ==> Parameters: 2(Integer)
2022-04-01 21:50:32.045 DEBUG 7984 --- [main] o.n.n.m.S.findByDriveId                  : <==      Total: 7
2022-04-01 21:50:36.071 DEBUG 7984 --- [main] o.n.nefurehouse.context.DriveContext     : 初始化驱动器成功, driveId: 2
2022-04-01 21:50:36.071  INFO 7984 --- [main] o.n.nefurehouse.context.DriveContext     : 启动时初始化驱动器成功, 驱动器信息: {"autoRefreshCache":true,"defaultSwitchToImgMode":false,"enable":true,"enableCache":true,"id":2,"name":"aliyun0","orderNum":1,"searchContainEncryptedFile":false,"searchEnable":false,"searchIgnoreCase":false,"type":"ALIYUN"}
2022-04-01 21:50:43.985  INFO 7984 --- [main] o.s.b.a.w.s.WelcomePageHandlerMapping    : Adding welcome page: class path resource [static/index.html]
2022-04-01 21:50:44.355  WARN 7984 --- [main] ion$DefaultTemplateResolverConfiguration : Cannot find template location: classpath:/templates/ (please add some templates or check your Thymeleaf configuration)
2022-04-01 21:50:44.829  INFO 7984 --- [main] o.a.coyote.http11.Http11NioProtocol      : Starting ProtocolHandler ["http-nio-8080"]
2022-04-01 21:50:45.007  INFO 7984 --- [main] o.s.b.w.embedded.tomcat.TomcatWebServer  : Tomcat started on port(s): 8080 (http) with context path ''
2022-04-01 21:50:45.051  INFO 7984 --- [main] o.n.nefurehouse.NefureHouseApplication   : Started NefureHouseApplication in 23.447 seconds (JVM running for 26.664)
2022-04-01 21:51:30.010  INFO 7984 --- [http-nio-8080-exec-1] o.a.c.c.C.[Tomcat].[localhost].[/]       : Initializing Spring DispatcherServlet 'dispatcherServlet'
2022-04-01 21:51:30.013  INFO 7984 --- [http-nio-8080-exec-1] o.s.web.servlet.DispatcherServlet        : Initializing Servlet 'dispatcherServlet'
2022-04-01 21:51:30.015  INFO 7984 --- [http-nio-8080-exec-1] o.s.web.servlet.DispatcherServlet        : Completed initialization in 2 ms
2022-04-01 21:51:31.042 DEBUG 7984 --- [http-nio-8080-exec-4] o.n.n.m.D.findByEnabled                  : ==>  Preparing: select * from driver_config where enable=? order by ? asc
2022-04-01 21:51:31.043 DEBUG 7984 --- [http-nio-8080-exec-4] o.n.n.m.D.findByEnabled                  : ==> Parameters: true(Boolean), order_num(String)
2022-04-01 21:51:31.047 DEBUG 7984 --- [http-nio-8080-exec-4] o.n.n.m.D.findByEnabled                  : <==      Total: 2
2022-04-01 21:51:31.096 DEBUG 7984 --- [http-nio-8080-exec-3] o.n.n.mapper.ShortLinkMapper.count       : ==>  Preparing: select count(id) from short_link_config
2022-04-01 21:51:31.097 DEBUG 7984 --- [http-nio-8080-exec-3] o.n.n.mapper.ShortLinkMapper.count       : ==> Parameters: 
2022-04-01 21:51:31.098 DEBUG 7984 --- [http-nio-8080-exec-3] o.n.n.mapper.ShortLinkMapper.count       : <==      Total: 1
2022-04-01 21:51:31.116 DEBUG 7984 --- [http-nio-8080-exec-3] o.n.n.mapper.ShortLinkMapper.search      : ==>  Preparing: select * from short_link_config WHERE `key`like ?and url like ? order by `createDate` desc limit ?,?
2022-04-01 21:51:31.117 DEBUG 7984 --- [http-nio-8080-exec-3] o.n.n.mapper.ShortLinkMapper.search      : ==> Parameters: %(String), %(String), 0(Integer), 10(Integer)
2022-04-01 21:51:31.131 DEBUG 7984 --- [http-nio-8080-exec-3] o.n.n.mapper.ShortLinkMapper.search      : <==      Total: 10
2022-04-01 21:52:05.366 ERROR 7984 --- [http-nio-8080-exec-6] o.n.n.exception.GlobalExceptionHandler   : File [e:\.nefurehouse\tmp] not exist!

cn.hutool.core.exceptions.UtilException: File [e:\.nefurehouse\tmp] not exist!
	at cn.hutool.core.util.ZipUtil.validateFiles(ZipUtil.java:1020)
	at cn.hutool.core.util.ZipUtil.zip(ZipUtil.java:179)
	at cn.hutool.core.util.ZipUtil.zip(ZipUtil.java:163)
	at cn.hutool.core.util.ZipUtil.zip(ZipUtil.java:91)
	at cn.hutool.core.util.ZipUtil.zip(ZipUtil.java:67)
	at cn.hutool.core.util.ZipUtil.zip(ZipUtil.java:55)
	at org.nefure.nefurehouse.controller.admin.ConfigController.logDownload(ConfigController.java:55)
	at java.base/jdk.internal.reflect.NativeMethodAccessorImpl.invoke0(Native Method)
	at java.base/jdk.internal.reflect.NativeMethodAccessorImpl.invoke(NativeMethodAccessorImpl.java:62)
	at java.base/jdk.internal.reflect.DelegatingMethodAccessorImpl.invoke(DelegatingMethodAccessorImpl.java:43)
	at java.base/java.lang.reflect.Method.invoke(Method.java:566)
	at org.springframework.web.method.support.InvocableHandlerMethod.doInvoke(InvocableHandlerMethod.java:197)
	at org.springframework.web.method.support.InvocableHandlerMethod.invokeForRequest(InvocableHandlerMethod.java:141)
	at org.springframework.web.servlet.mvc.method.annotation.ServletInvocableHandlerMethod.invokeAndHandle(ServletInvocableHandlerMethod.java:106)
	at org.springframework.web.servlet.mvc.method.annotation.RequestMappingHandlerAdapter.invokeHandlerMethod(RequestMappingHandlerAdapter.java:895)
	at org.springframework.web.servlet.mvc.method.annotation.RequestMappingHandlerAdapter.handleInternal(RequestMappingHandlerAdapter.java:808)
	at org.springframework.web.servlet.mvc.method.AbstractHandlerMethodAdapter.handle(AbstractHandlerMethodAdapter.java:87)
	at org.springframework.web.servlet.DispatcherServlet.doDispatch(DispatcherServlet.java:1064)
	at org.springframework.web.servlet.DispatcherServlet.doService(DispatcherServlet.java:963)
	at org.springframework.web.servlet.FrameworkServlet.processRequest(FrameworkServlet.java:1006)
	at org.springframework.web.servlet.FrameworkServlet.doGet(FrameworkServlet.java:898)
	at javax.servlet.http.HttpServlet.service(HttpServlet.java:655)
	at org.springframework.web.servlet.FrameworkServlet.service(FrameworkServlet.java:883)
	at javax.servlet.http.HttpServlet.service(HttpServlet.java:764)
	at org.apache.catalina.core.ApplicationFilterChain.internalDoFilter(ApplicationFilterChain.java:227)
	at org.apache.catalina.core.ApplicationFilterChain.doFilter(ApplicationFilterChain.java:162)
	at org.apache.tomcat.websocket.server.WsFilter.doFilter(WsFilter.java:53)
	at org.apache.catalina.core.ApplicationFilterChain.internalDoFilter(ApplicationFilterChain.java:189)
	at org.apache.catalina.core.ApplicationFilterChain.doFilter(ApplicationFilterChain.java:162)
	at org.nefure.nefurehouse.filter.CrossOriginFilter.doFilter(CrossOriginFilter.java:39)
	at org.apache.catalina.core.ApplicationFilterChain.internalDoFilter(ApplicationFilterChain.java:189)
	at org.apache.catalina.core.ApplicationFilterChain.doFilter(ApplicationFilterChain.java:162)
	at org.nefure.nefurehouse.filter.NotFoundFilter.doFilter(NotFoundFilter.java:26)
	at org.apache.catalina.core.ApplicationFilterChain.internalDoFilter(ApplicationFilterChain.java:189)
	at org.apache.catalina.core.ApplicationFilterChain.doFilter(ApplicationFilterChain.java:162)
	at org.springframework.web.filter.RequestContextFilter.doFilterInternal(RequestContextFilter.java:100)
	at org.springframework.web.filter.OncePerRequestFilter.doFilter(OncePerRequestFilter.java:119)
	at org.apache.catalina.core.ApplicationFilterChain.internalDoFilter(ApplicationFilterChain.java:189)
	at org.apache.catalina.core.ApplicationFilterChain.doFilter(ApplicationFilterChain.java:162)
	at org.springframework.web.filter.FormContentFilter.doFilterInternal(FormContentFilter.java:93)
	at org.springframework.web.filter.OncePerRequestFilter.doFilter(OncePerRequestFilter.java:119)
	at org.apache.catalina.core.ApplicationFilterChain.internalDoFilter(ApplicationFilterChain.java:189)
	at org.apache.catalina.core.ApplicationFilterChain.doFilter(ApplicationFilterChain.java:162)
	at org.springframework.web.filter.CharacterEncodingFilter.doFilterInternal(CharacterEncodingFilter.java:201)
	at org.springframework.web.filter.OncePerRequestFilter.doFilter(OncePerRequestFilter.java:119)
	at org.apache.catalina.core.ApplicationFilterChain.internalDoFilter(ApplicationFilterChain.java:189)
	at org.apache.catalina.core.ApplicationFilterChain.doFilter(ApplicationFilterChain.java:162)
	at org.apache.catalina.core.StandardWrapperValve.invoke(StandardWrapperValve.java:197)
	at org.apache.catalina.core.StandardContextValve.invoke(StandardContextValve.java:97)
	at org.apache.catalina.authenticator.AuthenticatorBase.invoke(AuthenticatorBase.java:542)
	at org.apache.catalina.core.StandardHostValve.invoke(StandardHostValve.java:135)
	at org.apache.catalina.valves.ErrorReportValve.invoke(ErrorReportValve.java:92)
	at org.apache.catalina.core.StandardEngineValve.invoke(StandardEngineValve.java:78)
	at org.apache.catalina.connector.CoyoteAdapter.service(CoyoteAdapter.java:357)
	at org.apache.coyote.http11.Http11Processor.service(Http11Processor.java:382)
	at org.apache.coyote.AbstractProcessorLight.process(AbstractProcessorLight.java:65)
	at org.apache.coyote.AbstractProtocol$ConnectionHandler.process(AbstractProtocol.java:893)
	at org.apache.tomcat.util.net.NioEndpoint$SocketProcessor.doRun(NioEndpoint.java:1726)
	at org.apache.tomcat.util.net.SocketProcessorBase.run(SocketProcessorBase.java:49)
	at org.apache.tomcat.util.threads.ThreadPoolExecutor.runWorker(ThreadPoolExecutor.java:1191)
	at org.apache.tomcat.util.threads.ThreadPoolExecutor$Worker.run(ThreadPoolExecutor.java:659)
	at org.apache.tomcat.util.threads.TaskThread$WrappingRunnable.run(TaskThread.java:61)
	at java.base/java.lang.Thread.run(Thread.java:829)

2022-04-01 21:53:28.722 DEBUG 7984 --- [SpringApplicationShutdownHook] o.n.n.util.SpringContextHolder           : 清除SpringContextHolder中的ApplicationContext:org.springframework.boot.web.servlet.context.AnnotationConfigServletWebServerApplicationContext@4b4dd216, started on Fri Apr 01 21:50:23 CST 2022
2022-04-01 21:53:28.723  INFO 7984 --- [SpringApplicationShutdownHook] o.n.n.util.SpringContextHolder           : 清除SpringContextHolder中的ApplicationContext:org.springframework.boot.web.servlet.context.AnnotationConfigServletWebServerApplicationContext@4b4dd216, started on Fri Apr 01 21:50:23 CST 2022
2022-04-01 21:53:28.723  INFO 7984 --- [SpringApplicationShutdownHook] com.zaxxer.hikari.HikariDataSource       : HikariPool-1 - Shutdown initiated...
2022-04-01 21:53:28.735  INFO 7984 --- [SpringApplicationShutdownHook] com.zaxxer.hikari.HikariDataSource       : HikariPool-1 - Shutdown completed.
2022-04-01 21:53:36.682  INFO 18756 --- [main] o.n.nefurehouse.NefureHouseApplication   : Starting NefureHouseApplication using Java 11.0.14 on 织光的第十四兽 with PID 18756 (E:\Java\idea\ideaProjects\nefurehouse\target\classes started by 9528 in E:\Java\idea\ideaProjects\nefureHouse)
2022-04-01 21:53:36.685 DEBUG 18756 --- [main] o.n.nefurehouse.NefureHouseApplication   : Running with Spring Boot v2.5.4, Spring v5.3.9
2022-04-01 21:53:36.685  INFO 18756 --- [main] o.n.nefurehouse.NefureHouseApplication   : The following profiles are active: prod
2022-04-01 21:53:38.917  INFO 18756 --- [main] o.s.b.w.embedded.tomcat.TomcatWebServer  : Tomcat initialized with port(s): 8080 (http)
2022-04-01 21:53:38.938  INFO 18756 --- [main] o.a.coyote.http11.Http11NioProtocol      : Initializing ProtocolHandler ["http-nio-8080"]
2022-04-01 21:53:38.939  INFO 18756 --- [main] o.apache.catalina.core.StandardService   : Starting service [Tomcat]
2022-04-01 21:53:38.939  INFO 18756 --- [main] org.apache.catalina.core.StandardEngine  : Starting Servlet engine: [Apache Tomcat/9.0.52]
2022-04-01 21:53:39.124  INFO 18756 --- [main] o.a.c.c.C.[Tomcat].[localhost].[/]       : Initializing Spring embedded WebApplicationContext
2022-04-01 21:53:39.125  INFO 18756 --- [main] w.s.c.ServletWebServerApplicationContext : Root WebApplicationContext: initialization completed in 2389 ms
2022-04-01 21:53:39.201 DEBUG 18756 --- [main] o.n.n.filter.CrossOriginFilter           : Filter 'crossOriginFilter' configured for use
2022-04-01 21:53:39.848  INFO 18756 --- [main] com.zaxxer.hikari.HikariDataSource       : HikariPool-1 - Starting...
2022-04-01 21:53:39.855  WARN 18756 --- [main] com.zaxxer.hikari.util.DriverDataSource  : Registered driver with driverClassName=com.mysql.jdbc.Driver was not found, trying direct instantiation.
2022-04-01 21:53:40.153  INFO 18756 --- [main] com.zaxxer.hikari.HikariDataSource       : HikariPool-1 - Start completed.
2022-04-01 21:53:40.171 DEBUG 18756 --- [main] o.n.n.mapper.DriverConfigMapper.findAll  : ==>  Preparing: select * from driver_config order by ? asc
2022-04-01 21:53:40.215 DEBUG 18756 --- [main] o.n.n.mapper.DriverConfigMapper.findAll  : ==> Parameters: order_num(String)
2022-04-01 21:53:40.263 DEBUG 18756 --- [main] o.n.n.mapper.DriverConfigMapper.findAll  : <==      Total: 2
2022-04-01 21:53:40.277 DEBUG 18756 --- [main] o.n.n.m.DriverConfigMapper.findById      : ==>  Preparing: select * from driver_config where id = ?
2022-04-01 21:53:40.278 DEBUG 18756 --- [main] o.n.n.m.DriverConfigMapper.findById      : ==> Parameters: 1(Integer)
2022-04-01 21:53:40.282 DEBUG 18756 --- [main] o.n.n.m.DriverConfigMapper.findById      : <==      Total: 1
2022-04-01 21:53:40.411 DEBUG 18756 --- [main] o.n.nefurehouse.context.DriveContext     : 尝试初始化驱动器, driveId: 1
2022-04-01 21:53:40.412 DEBUG 18756 --- [main] o.n.n.m.S.findByDriveId                  : ==>  Preparing: select * from storage_config where drive_id=?
2022-04-01 21:53:40.412 DEBUG 18756 --- [main] o.n.n.m.S.findByDriveId                  : ==> Parameters: 1(Integer)
2022-04-01 21:53:40.413 DEBUG 18756 --- [main] o.n.n.m.S.findByDriveId                  : <==      Total: 1
2022-04-01 21:53:40.454 DEBUG 18756 --- [main] o.n.n.mapper.SystemConfigMapper.findAll  : ==>  Preparing: select * from system_config
2022-04-01 21:53:40.454 DEBUG 18756 --- [main] o.n.n.mapper.SystemConfigMapper.findAll  : ==> Parameters: 
2022-04-01 21:53:40.466 DEBUG 18756 --- [main] o.n.n.mapper.SystemConfigMapper.findAll  : <==      Total: 16
2022-04-01 21:53:40.518 DEBUG 18756 --- [main] o.n.nefurehouse.context.DriveContext     : 初始化驱动器成功, driveId: 1
2022-04-01 21:53:40.644  INFO 18756 --- [main] o.n.nefurehouse.context.DriveContext     : 启动时初始化驱动器成功, 驱动器信息: {"autoRefreshCache":false,"defaultSwitchToImgMode":false,"enable":true,"enableCache":true,"id":1,"name":"2022","orderNum":0,"searchContainEncryptedFile":false,"searchEnable":false,"searchIgnoreCase":false,"type":"LOCAL"}
2022-04-01 21:53:40.644 DEBUG 18756 --- [main] o.n.n.m.DriverConfigMapper.findById      : ==>  Preparing: select * from driver_config where id = ?
2022-04-01 21:53:40.645 DEBUG 18756 --- [main] o.n.n.m.DriverConfigMapper.findById      : ==> Parameters: 2(Integer)
2022-04-01 21:53:40.646 DEBUG 18756 --- [main] o.n.n.m.DriverConfigMapper.findById      : <==      Total: 1
2022-04-01 21:53:40.648 DEBUG 18756 --- [main] o.n.nefurehouse.context.DriveContext     : 尝试初始化驱动器, driveId: 2
2022-04-01 21:53:40.650 DEBUG 18756 --- [main] o.n.n.m.S.findByDriveId                  : ==>  Preparing: select * from storage_config where drive_id=?
2022-04-01 21:53:40.650 DEBUG 18756 --- [main] o.n.n.m.S.findByDriveId                  : ==> Parameters: 2(Integer)
2022-04-01 21:53:40.651 DEBUG 18756 --- [main] o.n.n.m.S.findByDriveId                  : <==      Total: 7
2022-04-01 21:53:42.367 DEBUG 18756 --- [main] o.n.nefurehouse.context.DriveContext     : 初始化驱动器成功, driveId: 2
2022-04-01 21:53:42.367  INFO 18756 --- [main] o.n.nefurehouse.context.DriveContext     : 启动时初始化驱动器成功, 驱动器信息: {"autoRefreshCache":true,"defaultSwitchToImgMode":false,"enable":true,"enableCache":true,"id":2,"name":"aliyun0","orderNum":1,"searchContainEncryptedFile":false,"searchEnable":false,"searchIgnoreCase":false,"type":"ALIYUN"}
2022-04-01 21:53:47.245  INFO 18756 --- [main] o.s.b.a.w.s.WelcomePageHandlerMapping    : Adding welcome page: class path resource [static/index.html]
2022-04-01 21:53:47.419  WARN 18756 --- [main] ion$DefaultTemplateResolverConfiguration : Cannot find template location: classpath:/templates/ (please add some templates or check your Thymeleaf configuration)
2022-04-01 21:53:47.653  INFO 18756 --- [main] o.a.coyote.http11.Http11NioProtocol      : Starting ProtocolHandler ["http-nio-8080"]
2022-04-01 21:53:47.716  INFO 18756 --- [main] o.s.b.w.embedded.tomcat.TomcatWebServer  : Tomcat started on port(s): 8080 (http) with context path ''
2022-04-01 21:53:47.737  INFO 18756 --- [main] o.n.nefurehouse.NefureHouseApplication   : Started NefureHouseApplication in 11.803 seconds (JVM running for 13.248)
2022-04-01 21:53:59.628  INFO 18756 --- [http-nio-8080-exec-1] o.a.c.c.C.[Tomcat].[localhost].[/]       : Initializing Spring DispatcherServlet 'dispatcherServlet'
2022-04-01 21:53:59.630  INFO 18756 --- [http-nio-8080-exec-1] o.s.web.servlet.DispatcherServlet        : Initializing Servlet 'dispatcherServlet'
2022-04-01 21:53:59.631  INFO 18756 --- [http-nio-8080-exec-1] o.s.web.servlet.DispatcherServlet        : Completed initialization in 1 ms
2022-04-01 21:54:00.028 DEBUG 18756 --- [http-nio-8080-exec-4] o.n.n.m.D.findByEnabled                  : ==>  Preparing: select * from driver_config where enable=? order by ? asc
2022-04-01 21:54:00.029 DEBUG 18756 --- [http-nio-8080-exec-4] o.n.n.m.D.findByEnabled                  : ==> Parameters: true(Boolean), order_num(String)
2022-04-01 21:54:00.031 DEBUG 18756 --- [http-nio-8080-exec-4] o.n.n.m.D.findByEnabled                  : <==      Total: 2
2022-04-01 21:54:00.047 DEBUG 18756 --- [http-nio-8080-exec-3] o.n.n.mapper.ShortLinkMapper.count       : ==>  Preparing: select count(id) from short_link_config
2022-04-01 21:54:00.048 DEBUG 18756 --- [http-nio-8080-exec-3] o.n.n.mapper.ShortLinkMapper.count       : ==> Parameters: 
2022-04-01 21:54:00.050 DEBUG 18756 --- [http-nio-8080-exec-3] o.n.n.mapper.ShortLinkMapper.count       : <==      Total: 1
2022-04-01 21:54:00.060 DEBUG 18756 --- [http-nio-8080-exec-3] o.n.n.mapper.ShortLinkMapper.search      : ==>  Preparing: select * from short_link_config WHERE `key`like ?and url like ? order by `createDate` desc limit ?,?
2022-04-01 21:54:00.061 DEBUG 18756 --- [http-nio-8080-exec-3] o.n.n.mapper.ShortLinkMapper.search      : ==> Parameters: %(String), %(String), 0(Integer), 10(Integer)
2022-04-01 21:54:00.068 DEBUG 18756 --- [http-nio-8080-exec-3] o.n.n.mapper.ShortLinkMapper.search      : <==      Total: 10
2022-04-01 21:54:37.203  WARN 18756 --- [HikariPool-1 housekeeper] com.zaxxer.hikari.pool.HikariPool        : HikariPool-1 - Thread starvation or clock leap detected (housekeeper delta=56s948ms216µs400ns).
2022-04-01 21:54:37.234 ERROR 18756 --- [http-nio-8080-exec-6] o.n.n.exception.GlobalExceptionHandler   : File [e:\.nefurehouse\e:\.nefurehouse\tmp] not exist!

cn.hutool.core.exceptions.UtilException: File [e:\.nefurehouse\e:\.nefurehouse\tmp] not exist!
	at cn.hutool.core.util.ZipUtil.validateFiles(ZipUtil.java:1020)
	at cn.hutool.core.util.ZipUtil.zip(ZipUtil.java:179)
	at cn.hutool.core.util.ZipUtil.zip(ZipUtil.java:163)
	at cn.hutool.core.util.ZipUtil.zip(ZipUtil.java:91)
	at cn.hutool.core.util.ZipUtil.zip(ZipUtil.java:67)
	at cn.hutool.core.util.ZipUtil.zip(ZipUtil.java:55)
	at org.nefure.nefurehouse.controller.admin.ConfigController.logDownload(ConfigController.java:54)
	at java.base/jdk.internal.reflect.NativeMethodAccessorImpl.invoke0(Native Method)
	at java.base/jdk.internal.reflect.NativeMethodAccessorImpl.invoke(NativeMethodAccessorImpl.java:62)
	at java.base/jdk.internal.reflect.DelegatingMethodAccessorImpl.invoke(DelegatingMethodAccessorImpl.java:43)
	at java.base/java.lang.reflect.Method.invoke(Method.java:566)
	at org.springframework.web.method.support.InvocableHandlerMethod.doInvoke(InvocableHandlerMethod.java:197)
	at org.springframework.web.method.support.InvocableHandlerMethod.invokeForRequest(InvocableHandlerMethod.java:141)
	at org.springframework.web.servlet.mvc.method.annotation.ServletInvocableHandlerMethod.invokeAndHandle(ServletInvocableHandlerMethod.java:106)
	at org.springframework.web.servlet.mvc.method.annotation.RequestMappingHandlerAdapter.invokeHandlerMethod(RequestMappingHandlerAdapter.java:895)
	at org.springframework.web.servlet.mvc.method.annotation.RequestMappingHandlerAdapter.handleInternal(RequestMappingHandlerAdapter.java:808)
	at org.springframework.web.servlet.mvc.method.AbstractHandlerMethodAdapter.handle(AbstractHandlerMethodAdapter.java:87)
	at org.springframework.web.servlet.DispatcherServlet.doDispatch(DispatcherServlet.java:1064)
	at org.springframework.web.servlet.DispatcherServlet.doService(DispatcherServlet.java:963)
	at org.springframework.web.servlet.FrameworkServlet.processRequest(FrameworkServlet.java:1006)
	at org.springframework.web.servlet.FrameworkServlet.doGet(FrameworkServlet.java:898)
	at javax.servlet.http.HttpServlet.service(HttpServlet.java:655)
	at org.springframework.web.servlet.FrameworkServlet.service(FrameworkServlet.java:883)
	at javax.servlet.http.HttpServlet.service(HttpServlet.java:764)
	at org.apache.catalina.core.ApplicationFilterChain.internalDoFilter(ApplicationFilterChain.java:227)
	at org.apache.catalina.core.ApplicationFilterChain.doFilter(ApplicationFilterChain.java:162)
	at org.apache.tomcat.websocket.server.WsFilter.doFilter(WsFilter.java:53)
	at org.apache.catalina.core.ApplicationFilterChain.internalDoFilter(ApplicationFilterChain.java:189)
	at org.apache.catalina.core.ApplicationFilterChain.doFilter(ApplicationFilterChain.java:162)
	at org.nefure.nefurehouse.filter.CrossOriginFilter.doFilter(CrossOriginFilter.java:39)
	at org.apache.catalina.core.ApplicationFilterChain.internalDoFilter(ApplicationFilterChain.java:189)
	at org.apache.catalina.core.ApplicationFilterChain.doFilter(ApplicationFilterChain.java:162)
	at org.nefure.nefurehouse.filter.NotFoundFilter.doFilter(NotFoundFilter.java:26)
	at org.apache.catalina.core.ApplicationFilterChain.internalDoFilter(ApplicationFilterChain.java:189)
	at org.apache.catalina.core.ApplicationFilterChain.doFilter(ApplicationFilterChain.java:162)
	at org.springframework.web.filter.RequestContextFilter.doFilterInternal(RequestContextFilter.java:100)
	at org.springframework.web.filter.OncePerRequestFilter.doFilter(OncePerRequestFilter.java:119)
	at org.apache.catalina.core.ApplicationFilterChain.internalDoFilter(ApplicationFilterChain.java:189)
	at org.apache.catalina.core.ApplicationFilterChain.doFilter(ApplicationFilterChain.java:162)
	at org.springframework.web.filter.FormContentFilter.doFilterInternal(FormContentFilter.java:93)
	at org.springframework.web.filter.OncePerRequestFilter.doFilter(OncePerRequestFilter.java:119)
	at org.apache.catalina.core.ApplicationFilterChain.internalDoFilter(ApplicationFilterChain.java:189)
	at org.apache.catalina.core.ApplicationFilterChain.doFilter(ApplicationFilterChain.java:162)
	at org.springframework.web.filter.CharacterEncodingFilter.doFilterInternal(CharacterEncodingFilter.java:201)
	at org.springframework.web.filter.OncePerRequestFilter.doFilter(OncePerRequestFilter.java:119)
	at org.apache.catalina.core.ApplicationFilterChain.internalDoFilter(ApplicationFilterChain.java:189)
	at org.apache.catalina.core.ApplicationFilterChain.doFilter(ApplicationFilterChain.java:162)
	at org.apache.catalina.core.StandardWrapperValve.invoke(StandardWrapperValve.java:197)
	at org.apache.catalina.core.StandardContextValve.invoke(StandardContextValve.java:97)
	at org.apache.catalina.authenticator.AuthenticatorBase.invoke(AuthenticatorBase.java:542)
	at org.apache.catalina.core.StandardHostValve.invoke(StandardHostValve.java:135)
	at org.apache.catalina.valves.ErrorReportValve.invoke(ErrorReportValve.java:92)
	at org.apache.catalina.core.StandardEngineValve.invoke(StandardEngineValve.java:78)
	at org.apache.catalina.connector.CoyoteAdapter.service(CoyoteAdapter.java:357)
	at org.apache.coyote.http11.Http11Processor.service(Http11Processor.java:382)
	at org.apache.coyote.AbstractProcessorLight.process(AbstractProcessorLight.java:65)
	at org.apache.coyote.AbstractProtocol$ConnectionHandler.process(AbstractProtocol.java:893)
	at org.apache.tomcat.util.net.NioEndpoint$SocketProcessor.doRun(NioEndpoint.java:1726)
	at org.apache.tomcat.util.net.SocketProcessorBase.run(SocketProcessorBase.java:49)
	at org.apache.tomcat.util.threads.ThreadPoolExecutor.runWorker(ThreadPoolExecutor.java:1191)
	at org.apache.tomcat.util.threads.ThreadPoolExecutor$Worker.run(ThreadPoolExecutor.java:659)
	at org.apache.tomcat.util.threads.TaskThread$WrappingRunnable.run(TaskThread.java:61)
	at java.base/java.lang.Thread.run(Thread.java:829)

2022-04-01 21:54:38.119 DEBUG 18756 --- [SpringApplicationShutdownHook] o.n.n.util.SpringContextHolder           : 清除SpringContextHolder中的ApplicationContext:org.springframework.boot.web.servlet.context.AnnotationConfigServletWebServerApplicationContext@620aa4ea, started on Fri Apr 01 21:53:36 CST 2022
2022-04-01 21:54:38.120  INFO 18756 --- [SpringApplicationShutdownHook] o.n.n.util.SpringContextHolder           : 清除SpringContextHolder中的ApplicationContext:org.springframework.boot.web.servlet.context.AnnotationConfigServletWebServerApplicationContext@620aa4ea, started on Fri Apr 01 21:53:36 CST 2022
2022-04-01 21:54:38.120  INFO 18756 --- [SpringApplicationShutdownHook] com.zaxxer.hikari.HikariDataSource       : HikariPool-1 - Shutdown initiated...
2022-04-01 21:54:38.133  INFO 18756 --- [SpringApplicationShutdownHook] com.zaxxer.hikari.HikariDataSource       : HikariPool-1 - Shutdown completed.
2022-04-01 21:54:49.073  INFO 16644 --- [main] o.n.nefurehouse.NefureHouseApplication   : Starting NefureHouseApplication using Java 11.0.14 on 织光的第十四兽 with PID 16644 (E:\Java\idea\ideaProjects\nefurehouse\target\classes started by 9528 in E:\Java\idea\ideaProjects\nefureHouse)
2022-04-01 21:54:49.077 DEBUG 16644 --- [main] o.n.nefurehouse.NefureHouseApplication   : Running with Spring Boot v2.5.4, Spring v5.3.9
2022-04-01 21:54:49.077  INFO 16644 --- [main] o.n.nefurehouse.NefureHouseApplication   : The following profiles are active: prod
2022-04-01 21:54:50.311  INFO 16644 --- [main] o.s.b.w.embedded.tomcat.TomcatWebServer  : Tomcat initialized with port(s): 8080 (http)
2022-04-01 21:54:50.321  INFO 16644 --- [main] o.a.coyote.http11.Http11NioProtocol      : Initializing ProtocolHandler ["http-nio-8080"]
2022-04-01 21:54:50.321  INFO 16644 --- [main] o.apache.catalina.core.StandardService   : Starting service [Tomcat]
2022-04-01 21:54:50.322  INFO 16644 --- [main] org.apache.catalina.core.StandardEngine  : Starting Servlet engine: [Apache Tomcat/9.0.52]
2022-04-01 21:54:50.414  INFO 16644 --- [main] o.a.c.c.C.[Tomcat].[localhost].[/]       : Initializing Spring embedded WebApplicationContext
2022-04-01 21:54:50.414  INFO 16644 --- [main] w.s.c.ServletWebServerApplicationContext : Root WebApplicationContext: initialization completed in 1275 ms
2022-04-01 21:54:50.449 DEBUG 16644 --- [main] o.n.n.filter.CrossOriginFilter           : Filter 'crossOriginFilter' configured for use
2022-04-01 21:54:50.706  INFO 16644 --- [main] com.zaxxer.hikari.HikariDataSource       : HikariPool-1 - Starting...
2022-04-01 21:54:50.709  WARN 16644 --- [main] com.zaxxer.hikari.util.DriverDataSource  : Registered driver with driverClassName=com.mysql.jdbc.Driver was not found, trying direct instantiation.
2022-04-01 21:54:50.827  INFO 16644 --- [main] com.zaxxer.hikari.HikariDataSource       : HikariPool-1 - Start completed.
2022-04-01 21:54:50.835 DEBUG 16644 --- [main] o.n.n.mapper.DriverConfigMapper.findAll  : ==>  Preparing: select * from driver_config order by ? asc
2022-04-01 21:54:50.854 DEBUG 16644 --- [main] o.n.n.mapper.DriverConfigMapper.findAll  : ==> Parameters: order_num(String)
2022-04-01 21:54:50.873 DEBUG 16644 --- [main] o.n.n.mapper.DriverConfigMapper.findAll  : <==      Total: 2
2022-04-01 21:54:50.878 DEBUG 16644 --- [main] o.n.n.m.DriverConfigMapper.findById      : ==>  Preparing: select * from driver_config where id = ?
2022-04-01 21:54:50.878 DEBUG 16644 --- [main] o.n.n.m.DriverConfigMapper.findById      : ==> Parameters: 1(Integer)
2022-04-01 21:54:50.879 DEBUG 16644 --- [main] o.n.n.m.DriverConfigMapper.findById      : <==      Total: 1
2022-04-01 21:54:50.943 DEBUG 16644 --- [main] o.n.nefurehouse.context.DriveContext     : 尝试初始化驱动器, driveId: 1
2022-04-01 21:54:50.943 DEBUG 16644 --- [main] o.n.n.m.S.findByDriveId                  : ==>  Preparing: select * from storage_config where drive_id=?
2022-04-01 21:54:50.943 DEBUG 16644 --- [main] o.n.n.m.S.findByDriveId                  : ==> Parameters: 1(Integer)
2022-04-01 21:54:50.945 DEBUG 16644 --- [main] o.n.n.m.S.findByDriveId                  : <==      Total: 1
2022-04-01 21:54:50.964 DEBUG 16644 --- [main] o.n.n.mapper.SystemConfigMapper.findAll  : ==>  Preparing: select * from system_config
2022-04-01 21:54:50.964 DEBUG 16644 --- [main] o.n.n.mapper.SystemConfigMapper.findAll  : ==> Parameters: 
2022-04-01 21:54:50.969 DEBUG 16644 --- [main] o.n.n.mapper.SystemConfigMapper.findAll  : <==      Total: 16
2022-04-01 21:54:50.997 DEBUG 16644 --- [main] o.n.nefurehouse.context.DriveContext     : 初始化驱动器成功, driveId: 1
2022-04-01 21:54:51.050  INFO 16644 --- [main] o.n.nefurehouse.context.DriveContext     : 启动时初始化驱动器成功, 驱动器信息: {"autoRefreshCache":false,"defaultSwitchToImgMode":false,"enable":true,"enableCache":true,"id":1,"name":"2022","orderNum":0,"searchContainEncryptedFile":false,"searchEnable":false,"searchIgnoreCase":false,"type":"LOCAL"}
2022-04-01 21:54:51.051 DEBUG 16644 --- [main] o.n.n.m.DriverConfigMapper.findById      : ==>  Preparing: select * from driver_config where id = ?
2022-04-01 21:54:51.051 DEBUG 16644 --- [main] o.n.n.m.DriverConfigMapper.findById      : ==> Parameters: 2(Integer)
2022-04-01 21:54:51.052 DEBUG 16644 --- [main] o.n.n.m.DriverConfigMapper.findById      : <==      Total: 1
2022-04-01 21:54:51.054 DEBUG 16644 --- [main] o.n.nefurehouse.context.DriveContext     : 尝试初始化驱动器, driveId: 2
2022-04-01 21:54:51.055 DEBUG 16644 --- [main] o.n.n.m.S.findByDriveId                  : ==>  Preparing: select * from storage_config where drive_id=?
2022-04-01 21:54:51.056 DEBUG 16644 --- [main] o.n.n.m.S.findByDriveId                  : ==> Parameters: 2(Integer)
2022-04-01 21:54:51.057 DEBUG 16644 --- [main] o.n.n.m.S.findByDriveId                  : <==      Total: 7
2022-04-01 21:54:51.796 DEBUG 16644 --- [main] o.n.nefurehouse.context.DriveContext     : 初始化驱动器成功, driveId: 2
2022-04-01 21:54:51.796  INFO 16644 --- [main] o.n.nefurehouse.context.DriveContext     : 启动时初始化驱动器成功, 驱动器信息: {"autoRefreshCache":true,"defaultSwitchToImgMode":false,"enable":true,"enableCache":true,"id":2,"name":"aliyun0","orderNum":1,"searchContainEncryptedFile":false,"searchEnable":false,"searchIgnoreCase":false,"type":"ALIYUN"}
2022-04-01 21:54:52.050  INFO 16644 --- [main] o.s.b.a.w.s.WelcomePageHandlerMapping    : Adding welcome page: class path resource [static/index.html]
2022-04-01 21:54:52.149  WARN 16644 --- [main] ion$DefaultTemplateResolverConfiguration : Cannot find template location: classpath:/templates/ (please add some templates or check your Thymeleaf configuration)
2022-04-01 21:54:52.255  INFO 16644 --- [main] o.a.coyote.http11.Http11NioProtocol      : Starting ProtocolHandler ["http-nio-8080"]
2022-04-01 21:54:52.273  INFO 16644 --- [main] o.s.b.w.embedded.tomcat.TomcatWebServer  : Tomcat started on port(s): 8080 (http) with context path ''
2022-04-01 21:54:52.283  INFO 16644 --- [main] o.n.nefurehouse.NefureHouseApplication   : Started NefureHouseApplication in 3.99 seconds (JVM running for 5.577)
2022-04-01 21:55:02.694  INFO 16644 --- [http-nio-8080-exec-1] o.a.c.c.C.[Tomcat].[localhost].[/]       : Initializing Spring DispatcherServlet 'dispatcherServlet'
2022-04-01 21:55:02.695  INFO 16644 --- [http-nio-8080-exec-1] o.s.web.servlet.DispatcherServlet        : Initializing Servlet 'dispatcherServlet'
2022-04-01 21:55:02.696  INFO 16644 --- [http-nio-8080-exec-1] o.s.web.servlet.DispatcherServlet        : Completed initialization in 1 ms
2022-04-01 21:55:03.119 DEBUG 16644 --- [http-nio-8080-exec-4] o.n.n.m.D.findByEnabled                  : ==>  Preparing: select * from driver_config where enable=? order by ? asc
2022-04-01 21:55:03.120 DEBUG 16644 --- [http-nio-8080-exec-4] o.n.n.m.D.findByEnabled                  : ==> Parameters: true(Boolean), order_num(String)
2022-04-01 21:55:03.122 DEBUG 16644 --- [http-nio-8080-exec-4] o.n.n.m.D.findByEnabled                  : <==      Total: 2
2022-04-01 21:55:03.135 DEBUG 16644 --- [http-nio-8080-exec-3] o.n.n.mapper.ShortLinkMapper.count       : ==>  Preparing: select count(id) from short_link_config
2022-04-01 21:55:03.135 DEBUG 16644 --- [http-nio-8080-exec-3] o.n.n.mapper.ShortLinkMapper.count       : ==> Parameters: 
2022-04-01 21:55:03.136 DEBUG 16644 --- [http-nio-8080-exec-3] o.n.n.mapper.ShortLinkMapper.count       : <==      Total: 1
2022-04-01 21:55:03.146 DEBUG 16644 --- [http-nio-8080-exec-3] o.n.n.mapper.ShortLinkMapper.search      : ==>  Preparing: select * from short_link_config WHERE `key`like ?and url like ? order by `createDate` desc limit ?,?
2022-04-01 21:55:03.147 DEBUG 16644 --- [http-nio-8080-exec-3] o.n.n.mapper.ShortLinkMapper.search      : ==> Parameters: %(String), %(String), 0(Integer), 10(Integer)
2022-04-01 21:55:03.153 DEBUG 16644 --- [http-nio-8080-exec-3] o.n.n.mapper.ShortLinkMapper.search      : <==      Total: 10
2022-04-01 21:55:25.016 ERROR 16644 --- [http-nio-8080-exec-6] o.n.n.exception.GlobalExceptionHandler   : File [e:\.nefurehouse\tmp] not exist!

cn.hutool.core.exceptions.UtilException: File [e:\.nefurehouse\tmp] not exist!
	at cn.hutool.core.util.ZipUtil.validateFiles(ZipUtil.java:1020)
	at cn.hutool.core.util.ZipUtil.zip(ZipUtil.java:179)
	at cn.hutool.core.util.ZipUtil.zip(ZipUtil.java:163)
	at cn.hutool.core.util.ZipUtil.zip(ZipUtil.java:91)
	at cn.hutool.core.util.ZipUtil.zip(ZipUtil.java:67)
	at cn.hutool.core.util.ZipUtil.zip(ZipUtil.java:55)
	at org.nefure.nefurehouse.controller.admin.ConfigController.logDownload(ConfigController.java:54)
	at java.base/jdk.internal.reflect.NativeMethodAccessorImpl.invoke0(Native Method)
	at java.base/jdk.internal.reflect.NativeMethodAccessorImpl.invoke(NativeMethodAccessorImpl.java:62)
	at java.base/jdk.internal.reflect.DelegatingMethodAccessorImpl.invoke(DelegatingMethodAccessorImpl.java:43)
	at java.base/java.lang.reflect.Method.invoke(Method.java:566)
	at org.springframework.web.method.support.InvocableHandlerMethod.doInvoke(InvocableHandlerMethod.java:197)
	at org.springframework.web.method.support.InvocableHandlerMethod.invokeForRequest(InvocableHandlerMethod.java:141)
	at org.springframework.web.servlet.mvc.method.annotation.ServletInvocableHandlerMethod.invokeAndHandle(ServletInvocableHandlerMethod.java:106)
	at org.springframework.web.servlet.mvc.method.annotation.RequestMappingHandlerAdapter.invokeHandlerMethod(RequestMappingHandlerAdapter.java:895)
	at org.springframework.web.servlet.mvc.method.annotation.RequestMappingHandlerAdapter.handleInternal(RequestMappingHandlerAdapter.java:808)
	at org.springframework.web.servlet.mvc.method.AbstractHandlerMethodAdapter.handle(AbstractHandlerMethodAdapter.java:87)
	at org.springframework.web.servlet.DispatcherServlet.doDispatch(DispatcherServlet.java:1064)
	at org.springframework.web.servlet.DispatcherServlet.doService(DispatcherServlet.java:963)
	at org.springframework.web.servlet.FrameworkServlet.processRequest(FrameworkServlet.java:1006)
	at org.springframework.web.servlet.FrameworkServlet.doGet(FrameworkServlet.java:898)
	at javax.servlet.http.HttpServlet.service(HttpServlet.java:655)
	at org.springframework.web.servlet.FrameworkServlet.service(FrameworkServlet.java:883)
	at javax.servlet.http.HttpServlet.service(HttpServlet.java:764)
	at org.apache.catalina.core.ApplicationFilterChain.internalDoFilter(ApplicationFilterChain.java:227)
	at org.apache.catalina.core.ApplicationFilterChain.doFilter(ApplicationFilterChain.java:162)
	at org.apache.tomcat.websocket.server.WsFilter.doFilter(WsFilter.java:53)
	at org.apache.catalina.core.ApplicationFilterChain.internalDoFilter(ApplicationFilterChain.java:189)
	at org.apache.catalina.core.ApplicationFilterChain.doFilter(ApplicationFilterChain.java:162)
	at org.nefure.nefurehouse.filter.CrossOriginFilter.doFilter(CrossOriginFilter.java:39)
	at org.apache.catalina.core.ApplicationFilterChain.internalDoFilter(ApplicationFilterChain.java:189)
	at org.apache.catalina.core.ApplicationFilterChain.doFilter(ApplicationFilterChain.java:162)
	at org.nefure.nefurehouse.filter.NotFoundFilter.doFilter(NotFoundFilter.java:26)
	at org.apache.catalina.core.ApplicationFilterChain.internalDoFilter(ApplicationFilterChain.java:189)
	at org.apache.catalina.core.ApplicationFilterChain.doFilter(ApplicationFilterChain.java:162)
	at org.springframework.web.filter.RequestContextFilter.doFilterInternal(RequestContextFilter.java:100)
	at org.springframework.web.filter.OncePerRequestFilter.doFilter(OncePerRequestFilter.java:119)
	at org.apache.catalina.core.ApplicationFilterChain.internalDoFilter(ApplicationFilterChain.java:189)
	at org.apache.catalina.core.ApplicationFilterChain.doFilter(ApplicationFilterChain.java:162)
	at org.springframework.web.filter.FormContentFilter.doFilterInternal(FormContentFilter.java:93)
	at org.springframework.web.filter.OncePerRequestFilter.doFilter(OncePerRequestFilter.java:119)
	at org.apache.catalina.core.ApplicationFilterChain.internalDoFilter(ApplicationFilterChain.java:189)
	at org.apache.catalina.core.ApplicationFilterChain.doFilter(ApplicationFilterChain.java:162)
	at org.springframework.web.filter.CharacterEncodingFilter.doFilterInternal(CharacterEncodingFilter.java:201)
	at org.springframework.web.filter.OncePerRequestFilter.doFilter(OncePerRequestFilter.java:119)
	at org.apache.catalina.core.ApplicationFilterChain.internalDoFilter(ApplicationFilterChain.java:189)
	at org.apache.catalina.core.ApplicationFilterChain.doFilter(ApplicationFilterChain.java:162)
	at org.apache.catalina.core.StandardWrapperValve.invoke(StandardWrapperValve.java:197)
	at org.apache.catalina.core.StandardContextValve.invoke(StandardContextValve.java:97)
	at org.apache.catalina.authenticator.AuthenticatorBase.invoke(AuthenticatorBase.java:542)
	at org.apache.catalina.core.StandardHostValve.invoke(StandardHostValve.java:135)
	at org.apache.catalina.valves.ErrorReportValve.invoke(ErrorReportValve.java:92)
	at org.apache.catalina.core.StandardEngineValve.invoke(StandardEngineValve.java:78)
	at org.apache.catalina.connector.CoyoteAdapter.service(CoyoteAdapter.java:357)
	at org.apache.coyote.http11.Http11Processor.service(Http11Processor.java:382)
	at org.apache.coyote.AbstractProcessorLight.process(AbstractProcessorLight.java:65)
	at org.apache.coyote.AbstractProtocol$ConnectionHandler.process(AbstractProtocol.java:893)
	at org.apache.tomcat.util.net.NioEndpoint$SocketProcessor.doRun(NioEndpoint.java:1726)
	at org.apache.tomcat.util.net.SocketProcessorBase.run(SocketProcessorBase.java:49)
	at org.apache.tomcat.util.threads.ThreadPoolExecutor.runWorker(ThreadPoolExecutor.java:1191)
	at org.apache.tomcat.util.threads.ThreadPoolExecutor$Worker.run(ThreadPoolExecutor.java:659)
	at org.apache.tomcat.util.threads.TaskThread$WrappingRunnable.run(TaskThread.java:61)
	at java.base/java.lang.Thread.run(Thread.java:829)

2022-04-01 21:57:28.627 DEBUG 16644 --- [SpringApplicationShutdownHook] o.n.n.util.SpringContextHolder           : 清除SpringContextHolder中的ApplicationContext:org.springframework.boot.web.servlet.context.AnnotationConfigServletWebServerApplicationContext@7d373bcf, started on Fri Apr 01 21:54:49 CST 2022
2022-04-01 21:57:28.628  INFO 16644 --- [SpringApplicationShutdownHook] o.n.n.util.SpringContextHolder           : 清除SpringContextHolder中的ApplicationContext:org.springframework.boot.web.servlet.context.AnnotationConfigServletWebServerApplicationContext@7d373bcf, started on Fri Apr 01 21:54:49 CST 2022
2022-04-01 21:57:28.628  INFO 16644 --- [SpringApplicationShutdownHook] com.zaxxer.hikari.HikariDataSource       : HikariPool-1 - Shutdown initiated...
2022-04-01 21:57:28.641  INFO 16644 --- [SpringApplicationShutdownHook] com.zaxxer.hikari.HikariDataSource       : HikariPool-1 - Shutdown completed.
2022-04-01 21:57:34.552  INFO 7068 --- [main] o.n.nefurehouse.NefureHouseApplication   : Starting NefureHouseApplication using Java 11.0.14 on 织光的第十四兽 with PID 7068 (E:\Java\idea\ideaProjects\nefurehouse\target\classes started by 9528 in E:\Java\idea\ideaProjects\nefureHouse)
2022-04-01 21:57:34.556 DEBUG 7068 --- [main] o.n.nefurehouse.NefureHouseApplication   : Running with Spring Boot v2.5.4, Spring v5.3.9
2022-04-01 21:57:34.556  INFO 7068 --- [main] o.n.nefurehouse.NefureHouseApplication   : The following profiles are active: prod
2022-04-01 21:57:35.768  INFO 7068 --- [main] o.s.b.w.embedded.tomcat.TomcatWebServer  : Tomcat initialized with port(s): 8080 (http)
2022-04-01 21:57:35.779  INFO 7068 --- [main] o.a.coyote.http11.Http11NioProtocol      : Initializing ProtocolHandler ["http-nio-8080"]
2022-04-01 21:57:35.780  INFO 7068 --- [main] o.apache.catalina.core.StandardService   : Starting service [Tomcat]
2022-04-01 21:57:35.781  INFO 7068 --- [main] org.apache.catalina.core.StandardEngine  : Starting Servlet engine: [Apache Tomcat/9.0.52]
2022-04-01 21:57:35.886  INFO 7068 --- [main] o.a.c.c.C.[Tomcat].[localhost].[/]       : Initializing Spring embedded WebApplicationContext
2022-04-01 21:57:35.886  INFO 7068 --- [main] w.s.c.ServletWebServerApplicationContext : Root WebApplicationContext: initialization completed in 1277 ms
2022-04-01 21:57:35.918 DEBUG 7068 --- [main] o.n.n.filter.CrossOriginFilter           : Filter 'crossOriginFilter' configured for use
2022-04-01 21:57:36.197  INFO 7068 --- [main] com.zaxxer.hikari.HikariDataSource       : HikariPool-1 - Starting...
2022-04-01 21:57:36.200  WARN 7068 --- [main] com.zaxxer.hikari.util.DriverDataSource  : Registered driver with driverClassName=com.mysql.jdbc.Driver was not found, trying direct instantiation.
2022-04-01 21:57:36.321  INFO 7068 --- [main] com.zaxxer.hikari.HikariDataSource       : HikariPool-1 - Start completed.
2022-04-01 21:57:36.329 DEBUG 7068 --- [main] o.n.n.mapper.DriverConfigMapper.findAll  : ==>  Preparing: select * from driver_config order by ? asc
2022-04-01 21:57:36.351 DEBUG 7068 --- [main] o.n.n.mapper.DriverConfigMapper.findAll  : ==> Parameters: order_num(String)
2022-04-01 21:57:36.371 DEBUG 7068 --- [main] o.n.n.mapper.DriverConfigMapper.findAll  : <==      Total: 2
2022-04-01 21:57:36.375 DEBUG 7068 --- [main] o.n.n.m.DriverConfigMapper.findById      : ==>  Preparing: select * from driver_config where id = ?
2022-04-01 21:57:36.376 DEBUG 7068 --- [main] o.n.n.m.DriverConfigMapper.findById      : ==> Parameters: 1(Integer)
2022-04-01 21:57:36.377 DEBUG 7068 --- [main] o.n.n.m.DriverConfigMapper.findById      : <==      Total: 1
2022-04-01 21:57:36.460 DEBUG 7068 --- [main] o.n.nefurehouse.context.DriveContext     : 尝试初始化驱动器, driveId: 1
2022-04-01 21:57:36.461 DEBUG 7068 --- [main] o.n.n.m.S.findByDriveId                  : ==>  Preparing: select * from storage_config where drive_id=?
2022-04-01 21:57:36.461 DEBUG 7068 --- [main] o.n.n.m.S.findByDriveId                  : ==> Parameters: 1(Integer)
2022-04-01 21:57:36.462 DEBUG 7068 --- [main] o.n.n.m.S.findByDriveId                  : <==      Total: 1
2022-04-01 21:57:36.479 DEBUG 7068 --- [main] o.n.n.mapper.SystemConfigMapper.findAll  : ==>  Preparing: select * from system_config
2022-04-01 21:57:36.479 DEBUG 7068 --- [main] o.n.n.mapper.SystemConfigMapper.findAll  : ==> Parameters: 
2022-04-01 21:57:36.487 DEBUG 7068 --- [main] o.n.n.mapper.SystemConfigMapper.findAll  : <==      Total: 16
2022-04-01 21:57:36.506 DEBUG 7068 --- [main] o.n.nefurehouse.context.DriveContext     : 初始化驱动器成功, driveId: 1
2022-04-01 21:57:36.563  INFO 7068 --- [main] o.n.nefurehouse.context.DriveContext     : 启动时初始化驱动器成功, 驱动器信息: {"autoRefreshCache":false,"defaultSwitchToImgMode":false,"enable":true,"enableCache":true,"id":1,"name":"2022","orderNum":0,"searchContainEncryptedFile":false,"searchEnable":false,"searchIgnoreCase":false,"type":"LOCAL"}
2022-04-01 21:57:36.564 DEBUG 7068 --- [main] o.n.n.m.DriverConfigMapper.findById      : ==>  Preparing: select * from driver_config where id = ?
2022-04-01 21:57:36.565 DEBUG 7068 --- [main] o.n.n.m.DriverConfigMapper.findById      : ==> Parameters: 2(Integer)
2022-04-01 21:57:36.566 DEBUG 7068 --- [main] o.n.n.m.DriverConfigMapper.findById      : <==      Total: 1
2022-04-01 21:57:36.568 DEBUG 7068 --- [main] o.n.nefurehouse.context.DriveContext     : 尝试初始化驱动器, driveId: 2
2022-04-01 21:57:36.569 DEBUG 7068 --- [main] o.n.n.m.S.findByDriveId                  : ==>  Preparing: select * from storage_config where drive_id=?
2022-04-01 21:57:36.569 DEBUG 7068 --- [main] o.n.n.m.S.findByDriveId                  : ==> Parameters: 2(Integer)
2022-04-01 21:57:36.571 DEBUG 7068 --- [main] o.n.n.m.S.findByDriveId                  : <==      Total: 7
2022-04-01 21:57:37.334 DEBUG 7068 --- [main] o.n.nefurehouse.context.DriveContext     : 初始化驱动器成功, driveId: 2
2022-04-01 21:57:37.334  INFO 7068 --- [main] o.n.nefurehouse.context.DriveContext     : 启动时初始化驱动器成功, 驱动器信息: {"autoRefreshCache":true,"defaultSwitchToImgMode":false,"enable":true,"enableCache":true,"id":2,"name":"aliyun0","orderNum":1,"searchContainEncryptedFile":false,"searchEnable":false,"searchIgnoreCase":false,"type":"ALIYUN"}
2022-04-01 21:57:37.599  INFO 7068 --- [main] o.s.b.a.w.s.WelcomePageHandlerMapping    : Adding welcome page: class path resource [static/index.html]
2022-04-01 21:57:37.687  WARN 7068 --- [main] ion$DefaultTemplateResolverConfiguration : Cannot find template location: classpath:/templates/ (please add some templates or check your Thymeleaf configuration)
2022-04-01 21:57:37.791  INFO 7068 --- [main] o.a.coyote.http11.Http11NioProtocol      : Starting ProtocolHandler ["http-nio-8080"]
2022-04-01 21:57:37.811  INFO 7068 --- [main] o.s.b.w.embedded.tomcat.TomcatWebServer  : Tomcat started on port(s): 8080 (http) with context path ''
2022-04-01 21:57:37.820  INFO 7068 --- [main] o.n.nefurehouse.NefureHouseApplication   : Started NefureHouseApplication in 4.037 seconds (JVM running for 5.44)
2022-04-01 22:11:25.038 DEBUG 7068 --- [SpringApplicationShutdownHook] o.n.n.util.SpringContextHolder           : 清除SpringContextHolder中的ApplicationContext:org.springframework.boot.web.servlet.context.AnnotationConfigServletWebServerApplicationContext@2970a5bc, started on Fri Apr 01 21:57:34 CST 2022
2022-04-01 22:11:25.039  INFO 7068 --- [SpringApplicationShutdownHook] o.n.n.util.SpringContextHolder           : 清除SpringContextHolder中的ApplicationContext:org.springframework.boot.web.servlet.context.AnnotationConfigServletWebServerApplicationContext@2970a5bc, started on Fri Apr 01 21:57:34 CST 2022
2022-04-01 22:11:25.040  INFO 7068 --- [SpringApplicationShutdownHook] com.zaxxer.hikari.HikariDataSource       : HikariPool-1 - Shutdown initiated...
2022-04-01 22:11:25.051  INFO 7068 --- [SpringApplicationShutdownHook] com.zaxxer.hikari.HikariDataSource       : HikariPool-1 - Shutdown completed.
2022-04-01 22:12:54.723  INFO 19532 --- [main] o.n.nefurehouse.NefureHouseApplication   : Starting NefureHouseApplication using Java 11.0.14 on 织光的第十四兽 with PID 19532 (E:\Java\idea\ideaProjects\nefurehouse\target\classes started by 9528 in E:\Java\idea\ideaProjects\nefureHouse)
2022-04-01 22:12:54.727 DEBUG 19532 --- [main] o.n.nefurehouse.NefureHouseApplication   : Running with Spring Boot v2.5.4, Spring v5.3.9
2022-04-01 22:12:54.727  INFO 19532 --- [main] o.n.nefurehouse.NefureHouseApplication   : The following profiles are active: prod
2022-04-01 22:12:56.080  INFO 19532 --- [main] o.s.b.w.embedded.tomcat.TomcatWebServer  : Tomcat initialized with port(s): 8080 (http)
2022-04-01 22:12:56.091  INFO 19532 --- [main] o.a.coyote.http11.Http11NioProtocol      : Initializing ProtocolHandler ["http-nio-8080"]
2022-04-01 22:12:56.092  INFO 19532 --- [main] o.apache.catalina.core.StandardService   : Starting service [Tomcat]
2022-04-01 22:12:56.093  INFO 19532 --- [main] org.apache.catalina.core.StandardEngine  : Starting Servlet engine: [Apache Tomcat/9.0.52]
2022-04-01 22:12:56.209  INFO 19532 --- [main] o.a.c.c.C.[Tomcat].[localhost].[/]       : Initializing Spring embedded WebApplicationContext
2022-04-01 22:12:56.209  INFO 19532 --- [main] w.s.c.ServletWebServerApplicationContext : Root WebApplicationContext: initialization completed in 1419 ms
2022-04-01 22:12:56.254 DEBUG 19532 --- [main] o.n.n.filter.CrossOriginFilter           : Filter 'crossOriginFilter' configured for use
2022-04-01 22:12:56.579  INFO 19532 --- [main] com.zaxxer.hikari.HikariDataSource       : HikariPool-1 - Starting...
2022-04-01 22:12:56.582  WARN 19532 --- [main] com.zaxxer.hikari.util.DriverDataSource  : Registered driver with driverClassName=com.mysql.jdbc.Driver was not found, trying direct instantiation.
2022-04-01 22:12:56.700  INFO 19532 --- [main] com.zaxxer.hikari.HikariDataSource       : HikariPool-1 - Start completed.
2022-04-01 22:12:56.708 DEBUG 19532 --- [main] o.n.n.mapper.DriverConfigMapper.findAll  : ==>  Preparing: select * from driver_config order by ? asc
2022-04-01 22:12:56.728 DEBUG 19532 --- [main] o.n.n.mapper.DriverConfigMapper.findAll  : ==> Parameters: order_num(String)
2022-04-01 22:12:56.747 DEBUG 19532 --- [main] o.n.n.mapper.DriverConfigMapper.findAll  : <==      Total: 2
2022-04-01 22:12:56.753 DEBUG 19532 --- [main] o.n.n.m.DriverConfigMapper.findById      : ==>  Preparing: select * from driver_config where id = ?
2022-04-01 22:12:56.753 DEBUG 19532 --- [main] o.n.n.m.DriverConfigMapper.findById      : ==> Parameters: 1(Integer)
2022-04-01 22:12:56.755 DEBUG 19532 --- [main] o.n.n.m.DriverConfigMapper.findById      : <==      Total: 1
2022-04-01 22:12:56.820 DEBUG 19532 --- [main] o.n.nefurehouse.context.DriveContext     : 尝试初始化驱动器, driveId: 1
2022-04-01 22:12:56.820 DEBUG 19532 --- [main] o.n.n.m.S.findByDriveId                  : ==>  Preparing: select * from storage_config where drive_id=?
2022-04-01 22:12:56.820 DEBUG 19532 --- [main] o.n.n.m.S.findByDriveId                  : ==> Parameters: 1(Integer)
2022-04-01 22:12:56.822 DEBUG 19532 --- [main] o.n.n.m.S.findByDriveId                  : <==      Total: 1
2022-04-01 22:12:56.839 DEBUG 19532 --- [main] o.n.n.mapper.SystemConfigMapper.findAll  : ==>  Preparing: select * from system_config
2022-04-01 22:12:56.839 DEBUG 19532 --- [main] o.n.n.mapper.SystemConfigMapper.findAll  : ==> Parameters: 
2022-04-01 22:12:56.844 DEBUG 19532 --- [main] o.n.n.mapper.SystemConfigMapper.findAll  : <==      Total: 16
2022-04-01 22:12:56.863 DEBUG 19532 --- [main] o.n.nefurehouse.context.DriveContext     : 初始化驱动器成功, driveId: 1
2022-04-01 22:12:56.928  INFO 19532 --- [main] o.n.nefurehouse.context.DriveContext     : 启动时初始化驱动器成功, 驱动器信息: {"autoRefreshCache":false,"defaultSwitchToImgMode":false,"enable":true,"enableCache":true,"id":1,"name":"2022","orderNum":0,"searchContainEncryptedFile":false,"searchEnable":false,"searchIgnoreCase":false,"type":"LOCAL"}
2022-04-01 22:12:56.928 DEBUG 19532 --- [main] o.n.n.m.DriverConfigMapper.findById      : ==>  Preparing: select * from driver_config where id = ?
2022-04-01 22:12:56.929 DEBUG 19532 --- [main] o.n.n.m.DriverConfigMapper.findById      : ==> Parameters: 2(Integer)
2022-04-01 22:12:56.930 DEBUG 19532 --- [main] o.n.n.m.DriverConfigMapper.findById      : <==      Total: 1
2022-04-01 22:12:56.931 DEBUG 19532 --- [main] o.n.nefurehouse.context.DriveContext     : 尝试初始化驱动器, driveId: 2
2022-04-01 22:12:56.933 DEBUG 19532 --- [main] o.n.n.m.S.findByDriveId                  : ==>  Preparing: select * from storage_config where drive_id=?
2022-04-01 22:12:56.933 DEBUG 19532 --- [main] o.n.n.m.S.findByDriveId                  : ==> Parameters: 2(Integer)
2022-04-01 22:12:56.934 DEBUG 19532 --- [main] o.n.n.m.S.findByDriveId                  : <==      Total: 7
2022-04-01 22:12:57.731 DEBUG 19532 --- [main] o.n.nefurehouse.context.DriveContext     : 初始化驱动器成功, driveId: 2
2022-04-01 22:12:57.732  INFO 19532 --- [main] o.n.nefurehouse.context.DriveContext     : 启动时初始化驱动器成功, 驱动器信息: {"autoRefreshCache":true,"defaultSwitchToImgMode":false,"enable":true,"enableCache":true,"id":2,"name":"aliyun0","orderNum":1,"searchContainEncryptedFile":false,"searchEnable":false,"searchIgnoreCase":false,"type":"ALIYUN"}
2022-04-01 22:12:58.023  INFO 19532 --- [main] o.s.b.a.w.s.WelcomePageHandlerMapping    : Adding welcome page: class path resource [static/index.html]
2022-04-01 22:12:58.112  WARN 19532 --- [main] ion$DefaultTemplateResolverConfiguration : Cannot find template location: classpath:/templates/ (please add some templates or check your Thymeleaf configuration)
2022-04-01 22:12:58.221  INFO 19532 --- [main] o.a.coyote.http11.Http11NioProtocol      : Starting ProtocolHandler ["http-nio-8080"]
2022-04-01 22:12:58.240  INFO 19532 --- [main] o.s.b.w.embedded.tomcat.TomcatWebServer  : Tomcat started on port(s): 8080 (http) with context path ''
2022-04-01 22:12:58.250  INFO 19532 --- [main] o.n.nefurehouse.NefureHouseApplication   : Started NefureHouseApplication in 4.19 seconds (JVM running for 6.251)
2022-04-01 22:20:57.998 DEBUG 19532 --- [SpringApplicationShutdownHook] o.n.n.util.SpringContextHolder           : 清除SpringContextHolder中的ApplicationContext:org.springframework.boot.web.servlet.context.AnnotationConfigServletWebServerApplicationContext@620aa4ea, started on Fri Apr 01 22:12:54 CST 2022
2022-04-01 22:20:57.999  INFO 19532 --- [SpringApplicationShutdownHook] o.n.n.util.SpringContextHolder           : 清除SpringContextHolder中的ApplicationContext:org.springframework.boot.web.servlet.context.AnnotationConfigServletWebServerApplicationContext@620aa4ea, started on Fri Apr 01 22:12:54 CST 2022
2022-04-01 22:20:58.000  INFO 19532 --- [SpringApplicationShutdownHook] com.zaxxer.hikari.HikariDataSource       : HikariPool-1 - Shutdown initiated...
2022-04-01 22:20:58.014  INFO 19532 --- [SpringApplicationShutdownHook] com.zaxxer.hikari.HikariDataSource       : HikariPool-1 - Shutdown completed.
2022-04-01 22:21:21.044  INFO 1872 --- [main] o.n.nefurehouse.NefureHouseApplication   : Starting NefureHouseApplication using Java 11.0.14 on 织光的第十四兽 with PID 1872 (E:\Java\idea\ideaProjects\nefurehouse\target\classes started by 9528 in E:\Java\idea\ideaProjects\nefureHouse)
2022-04-01 22:21:21.048 DEBUG 1872 --- [main] o.n.nefurehouse.NefureHouseApplication   : Running with Spring Boot v2.5.4, Spring v5.3.9
2022-04-01 22:21:21.048  INFO 1872 --- [main] o.n.nefurehouse.NefureHouseApplication   : The following profiles are active: prod
2022-04-01 22:21:22.213  INFO 1872 --- [main] o.s.b.w.embedded.tomcat.TomcatWebServer  : Tomcat initialized with port(s): 8080 (http)
2022-04-01 22:21:22.222  INFO 1872 --- [main] o.a.coyote.http11.Http11NioProtocol      : Initializing ProtocolHandler ["http-nio-8080"]
2022-04-01 22:21:22.222  INFO 1872 --- [main] o.apache.catalina.core.StandardService   : Starting service [Tomcat]
2022-04-01 22:21:22.223  INFO 1872 --- [main] org.apache.catalina.core.StandardEngine  : Starting Servlet engine: [Apache Tomcat/9.0.52]
2022-04-01 22:21:22.312  INFO 1872 --- [main] o.a.c.c.C.[Tomcat].[localhost].[/]       : Initializing Spring embedded WebApplicationContext
2022-04-01 22:21:22.313  INFO 1872 --- [main] w.s.c.ServletWebServerApplicationContext : Root WebApplicationContext: initialization completed in 1220 ms
2022-04-01 22:21:22.345 DEBUG 1872 --- [main] o.n.n.filter.CrossOriginFilter           : Filter 'crossOriginFilter' configured for use
2022-04-01 22:21:22.607  INFO 1872 --- [main] com.zaxxer.hikari.HikariDataSource       : HikariPool-1 - Starting...
2022-04-01 22:21:22.610  WARN 1872 --- [main] com.zaxxer.hikari.util.DriverDataSource  : Registered driver with driverClassName=com.mysql.jdbc.Driver was not found, trying direct instantiation.
2022-04-01 22:21:22.731  INFO 1872 --- [main] com.zaxxer.hikari.HikariDataSource       : HikariPool-1 - Start completed.
2022-04-01 22:21:22.739 DEBUG 1872 --- [main] o.n.n.mapper.DriverConfigMapper.findAll  : ==>  Preparing: select * from driver_config order by ? asc
2022-04-01 22:21:22.761 DEBUG 1872 --- [main] o.n.n.mapper.DriverConfigMapper.findAll  : ==> Parameters: order_num(String)
2022-04-01 22:21:22.781 DEBUG 1872 --- [main] o.n.n.mapper.DriverConfigMapper.findAll  : <==      Total: 2
2022-04-01 22:21:22.786 DEBUG 1872 --- [main] o.n.n.m.DriverConfigMapper.findById      : ==>  Preparing: select * from driver_config where id = ?
2022-04-01 22:21:22.786 DEBUG 1872 --- [main] o.n.n.m.DriverConfigMapper.findById      : ==> Parameters: 1(Integer)
2022-04-01 22:21:22.788 DEBUG 1872 --- [main] o.n.n.m.DriverConfigMapper.findById      : <==      Total: 1
2022-04-01 22:21:22.856 DEBUG 1872 --- [main] o.n.nefurehouse.context.DriveContext     : 尝试初始化驱动器, driveId: 1
2022-04-01 22:21:22.857 DEBUG 1872 --- [main] o.n.n.m.S.findByDriveId                  : ==>  Preparing: select * from storage_config where drive_id=?
2022-04-01 22:21:22.857 DEBUG 1872 --- [main] o.n.n.m.S.findByDriveId                  : ==> Parameters: 1(Integer)
2022-04-01 22:21:22.858 DEBUG 1872 --- [main] o.n.n.m.S.findByDriveId                  : <==      Total: 1
2022-04-01 22:21:22.875 DEBUG 1872 --- [main] o.n.n.mapper.SystemConfigMapper.findAll  : ==>  Preparing: select * from system_config
2022-04-01 22:21:22.875 DEBUG 1872 --- [main] o.n.n.mapper.SystemConfigMapper.findAll  : ==> Parameters: 
2022-04-01 22:21:22.880 DEBUG 1872 --- [main] o.n.n.mapper.SystemConfigMapper.findAll  : <==      Total: 16
2022-04-01 22:21:22.910 DEBUG 1872 --- [main] o.n.nefurehouse.context.DriveContext     : 初始化驱动器成功, driveId: 1
2022-04-01 22:21:22.969  INFO 1872 --- [main] o.n.nefurehouse.context.DriveContext     : 启动时初始化驱动器成功, 驱动器信息: {"autoRefreshCache":false,"defaultSwitchToImgMode":false,"enable":true,"enableCache":true,"id":1,"name":"2022","orderNum":0,"searchContainEncryptedFile":false,"searchEnable":false,"searchIgnoreCase":false,"type":"LOCAL"}
2022-04-01 22:21:22.970 DEBUG 1872 --- [main] o.n.n.m.DriverConfigMapper.findById      : ==>  Preparing: select * from driver_config where id = ?
2022-04-01 22:21:22.970 DEBUG 1872 --- [main] o.n.n.m.DriverConfigMapper.findById      : ==> Parameters: 2(Integer)
2022-04-01 22:21:22.971 DEBUG 1872 --- [main] o.n.n.m.DriverConfigMapper.findById      : <==      Total: 1
2022-04-01 22:21:22.973 DEBUG 1872 --- [main] o.n.nefurehouse.context.DriveContext     : 尝试初始化驱动器, driveId: 2
2022-04-01 22:21:22.974 DEBUG 1872 --- [main] o.n.n.m.S.findByDriveId                  : ==>  Preparing: select * from storage_config where drive_id=?
2022-04-01 22:21:22.975 DEBUG 1872 --- [main] o.n.n.m.S.findByDriveId                  : ==> Parameters: 2(Integer)
2022-04-01 22:21:22.976 DEBUG 1872 --- [main] o.n.n.m.S.findByDriveId                  : <==      Total: 7
2022-04-01 22:21:23.769 DEBUG 1872 --- [main] o.n.nefurehouse.context.DriveContext     : 初始化驱动器成功, driveId: 2
2022-04-01 22:21:23.769  INFO 1872 --- [main] o.n.nefurehouse.context.DriveContext     : 启动时初始化驱动器成功, 驱动器信息: {"autoRefreshCache":true,"defaultSwitchToImgMode":false,"enable":true,"enableCache":true,"id":2,"name":"aliyun0","orderNum":1,"searchContainEncryptedFile":false,"searchEnable":false,"searchIgnoreCase":false,"type":"ALIYUN"}
2022-04-01 22:21:24.024  INFO 1872 --- [main] o.s.b.a.w.s.WelcomePageHandlerMapping    : Adding welcome page: class path resource [static/index.html]
2022-04-01 22:21:24.120  WARN 1872 --- [main] ion$DefaultTemplateResolverConfiguration : Cannot find template location: classpath:/templates/ (please add some templates or check your Thymeleaf configuration)
2022-04-01 22:21:24.228  INFO 1872 --- [main] o.a.coyote.http11.Http11NioProtocol      : Starting ProtocolHandler ["http-nio-8080"]
2022-04-01 22:21:24.247  INFO 1872 --- [main] o.s.b.w.embedded.tomcat.TomcatWebServer  : Tomcat started on port(s): 8080 (http) with context path ''
2022-04-01 22:21:24.257  INFO 1872 --- [main] o.n.nefurehouse.NefureHouseApplication   : Started NefureHouseApplication in 3.935 seconds (JVM running for 5.445)
2022-04-01 22:25:36.929 DEBUG 1872 --- [SpringApplicationShutdownHook] o.n.n.util.SpringContextHolder           : 清除SpringContextHolder中的ApplicationContext:org.springframework.boot.web.servlet.context.AnnotationConfigServletWebServerApplicationContext@620aa4ea, started on Fri Apr 01 22:21:21 CST 2022
2022-04-01 22:25:36.929  INFO 1872 --- [SpringApplicationShutdownHook] o.n.n.util.SpringContextHolder           : 清除SpringContextHolder中的ApplicationContext:org.springframework.boot.web.servlet.context.AnnotationConfigServletWebServerApplicationContext@620aa4ea, started on Fri Apr 01 22:21:21 CST 2022
2022-04-01 22:25:36.930  INFO 1872 --- [SpringApplicationShutdownHook] com.zaxxer.hikari.HikariDataSource       : HikariPool-1 - Shutdown initiated...
2022-04-01 22:25:36.939  INFO 1872 --- [SpringApplicationShutdownHook] com.zaxxer.hikari.HikariDataSource       : HikariPool-1 - Shutdown completed.
